<?xml version="1.0" encoding="utf-8"?><testsuites name="pytest tests"><testsuite name="pytest" errors="0" failures="0" skipped="0" tests="13" time="7.911" timestamp="2026-02-16T13:13:00.111539+00:00" hostname="agent-env-fb08d747-edc0-4bd5-857e-ec8d8e36a217"><testcase classname="tests.test_talkmee_api.TestHealthEndpoints" name="test_health_check" time="0.003" /><testcase classname="tests.test_talkmee_api.TestHealthEndpoints" name="test_root_endpoint" time="0.002" /><testcase classname="tests.test_talkmee_api.TestChatHistory" name="test_save_chat_history" time="0.016" /><testcase classname="tests.test_talkmee_api.TestChatHistory" name="test_get_chat_history" time="0.008" /><testcase classname="tests.test_talkmee_api.TestChatHistory" name="test_delete_chat_history" time="0.008" /><testcase classname="tests.test_talkmee_api.TestFriendChat" name="test_friend_chat_basic" time="3.870" /><testcase classname="tests.test_talkmee_api.TestFriendChat" name="test_friend_chat_with_video_request" time="3.166" /><testcase classname="tests.test_talkmee_api.TestMemory" name="test_update_memory" time="0.008" /><testcase classname="tests.test_talkmee_api.TestMemory" name="test_get_memory" time="0.003" /><testcase classname="tests.test_talkmee_api.TestTTS" name="test_fish_audio_tts_endpoint_exists" time="0.701" /><testcase classname="tests.test_talkmee_api.TestVideoFilesAccessibility" name="test_ivan_video_files_exist" time="0.000" /><testcase classname="tests.test_talkmee_api.TestVideoFilesAccessibility" name="test_sofia_video_files_exist" time="0.000" /><testcase classname="tests.test_talkmee_api.TestVideoFilesAccessibility" name="test_video_files_served_by_frontend" time="0.003" /></testsuite></testsuites>