<?xml version="1.0" encoding="utf-8"?><testsuites name="pytest tests"><testsuite name="pytest" errors="0" failures="0" skipped="0" tests="17" time="17.782" timestamp="2026-02-14T17:38:02.544461+00:00" hostname="agent-env-d2b3d07e-796e-4e3f-b0d0-083188e44dd3"><testcase classname="backend.tests.test_chat_history_api.TestHealthCheck" name="test_api_root_health" time="0.293" /><testcase classname="backend.tests.test_chat_history_api.TestChatHistorySave" name="test_save_single_message" time="0.136" /><testcase classname="backend.tests.test_chat_history_api.TestChatHistorySave" name="test_save_multiple_messages" time="0.108" /><testcase classname="backend.tests.test_chat_history_api.TestChatHistorySave" name="test_save_message_with_image" time="0.128" /><testcase classname="backend.tests.test_chat_history_api.TestChatHistoryGet" name="test_get_chat_history_existing" time="0.317" /><testcase classname="backend.tests.test_chat_history_api.TestChatHistoryGet" name="test_get_chat_history_nonexistent" time="0.140" /><testcase classname="backend.tests.test_chat_history_api.TestChatHistoryGet" name="test_get_chat_history_with_limit" time="0.155" /><testcase classname="backend.tests.test_chat_history_api.TestChatHistoryDelete" name="test_delete_chat_history" time="0.701" /><testcase classname="backend.tests.test_chat_history_api.TestChatHistoryDelete" name="test_delete_nonexistent_history" time="0.127" /><testcase classname="backend.tests.test_chat_history_api.TestFriendChatEndpoint" name="test_friend_chat_basic" time="5.368" /><testcase classname="backend.tests.test_chat_history_api.TestFriendChatEndpoint" name="test_friend_chat_with_agent_sofia" time="5.991" /><testcase classname="backend.tests.test_chat_history_api.TestFriendChatEndpoint" name="test_friend_chat_with_user_and_agent_id" time="2.820" /><testcase classname="backend.tests.test_chat_history_api.TestMemoryEndpoints" name="test_get_memory_empty" time="0.156" /><testcase classname="backend.tests.test_chat_history_api.TestMemoryEndpoints" name="test_update_memory_extracts_name" time="0.165" /><testcase classname="backend.tests.test_chat_history_api.TestMemoryEndpoints" name="test_update_memory_extracts_location" time="0.163" /><testcase classname="backend.tests.test_chat_history_api.TestTTSEndpoint" name="test_tts_returns_402_or_500" time="0.606" /><testcase classname="backend.tests.test_chat_history_api.TestCleanup" name="test_cleanup_test_data" time="0.284" /></testsuite></testsuites>