<?xml version="1.0" encoding="utf-8"?><testsuites name="pytest tests"><testsuite name="pytest" errors="0" failures="0" skipped="0" tests="13" time="9.940" timestamp="2026-02-18T05:42:59.099671+00:00" hostname="agent-env-7afdbfb8-a0a2-4768-b0c6-de4a98a5abab"><testcase classname="backend.tests.test_talkmee_api.TestHealthEndpoints" name="test_health_check" time="0.004" /><testcase classname="backend.tests.test_talkmee_api.TestHealthEndpoints" name="test_root_endpoint" time="0.002" /><testcase classname="backend.tests.test_talkmee_api.TestChatHistory" name="test_save_chat_history" time="0.020" /><testcase classname="backend.tests.test_talkmee_api.TestChatHistory" name="test_get_chat_history" time="0.014" /><testcase classname="backend.tests.test_talkmee_api.TestChatHistory" name="test_delete_chat_history" time="0.009" /><testcase classname="backend.tests.test_talkmee_api.TestFriendChat" name="test_friend_chat_basic" time="3.854" /><testcase classname="backend.tests.test_talkmee_api.TestFriendChat" name="test_friend_chat_with_video_request" time="5.127" /><testcase classname="backend.tests.test_talkmee_api.TestMemory" name="test_update_memory" time="0.011" /><testcase classname="backend.tests.test_talkmee_api.TestMemory" name="test_get_memory" time="0.003" /><testcase classname="backend.tests.test_talkmee_api.TestTTS" name="test_fish_audio_tts_endpoint_exists" time="0.791" /><testcase classname="backend.tests.test_talkmee_api.TestVideoFilesAccessibility" name="test_ivan_video_files_exist" time="0.000" /><testcase classname="backend.tests.test_talkmee_api.TestVideoFilesAccessibility" name="test_sofia_video_files_exist" time="0.000" /><testcase classname="backend.tests.test_talkmee_api.TestVideoFilesAccessibility" name="test_video_files_served_by_frontend" time="0.004" /></testsuite></testsuites>